1627487564786	geckodriver	INFO	Listening on 127.0.0.1:33877
1627487565790	mozrunner::runner	INFO	Running command: "/usr/bin/firefox" "--marionette" "-foreground" "-no-remote" "-profile" "/tmp/rust_mozprofileorr0ba"
1627487566609	Marionette	INFO	Marionette enabled
console.warn: SearchSettings: "get: No settings file exists, new profile?" (new NotFoundError("Could not open the file at /tmp/rust_mozprofileorr0ba/search.json.mozlz4", (void 0)))
1627487569005	Marionette	INFO	Listening on port 40485
1627487569105	Marionette	WARN	TLS certificate errors will be ignored for this session
1627487575434	Marionette	INFO	Stopped listening on port 40485

###!!! [Parent][RunMessage] Error: Channel closing: too late to send/recv, messages will be lost

1627487703378	geckodriver	INFO	Listening on 127.0.0.1:36805
1627487704382	mozrunner::runner	INFO	Running command: "/usr/bin/firefox" "--marionette" "-foreground" "-no-remote" "-profile" "/tmp/rust_mozprofilem4HRcI"
1627487705170	Marionette	INFO	Marionette enabled
console.warn: SearchSettings: "get: No settings file exists, new profile?" (new NotFoundError("Could not open the file at /tmp/rust_mozprofilem4HRcI/search.json.mozlz4", (void 0)))
1627487707299	Marionette	INFO	Listening on port 46013
1627487707401	Marionette	WARN	TLS certificate errors will be ignored for this session
1627487718951	Marionette	INFO	Stopped listening on port 46013

###!!! [Parent][RunMessage] Error: Channel closing: too late to send/recv, messages will be lost

1627739455403	geckodriver	INFO	Listening on 127.0.0.1:48917
1627739456405	mozrunner::runner	INFO	Running command: "/usr/bin/firefox" "--marionette" "-foreground" "-no-remote" "-profile" "/tmp/rust_mozprofileYZODU3"
1627739457417	Marionette	INFO	Marionette enabled
console.warn: SearchSettings: "get: No settings file exists, new profile?" (new NotFoundError("Could not open the file at /tmp/rust_mozprofileYZODU3/search.json.mozlz4", (void 0)))
1627739459507	Marionette	INFO	Listening on port 41739
1627739459525	Marionette	WARN	TLS certificate errors will be ignored for this session
1627739475623	Marionette	INFO	Stopped listening on port 41739

###!!! [Parent][RunMessage] Error: Channel closing: too late to send/recv, messages will be lost

1627739730976	geckodriver	INFO	Listening on 127.0.0.1:54071
1627739731979	mozrunner::runner	INFO	Running command: "/usr/bin/firefox" "--marionette" "-foreground" "-no-remote" "-profile" "/tmp/rust_mozprofile9gaare"
1627739732803	Marionette	INFO	Marionette enabled
console.warn: SearchSettings: "get: No settings file exists, new profile?" (new NotFoundError("Could not open the file at /tmp/rust_mozprofile9gaare/search.json.mozlz4", (void 0)))
1627739734832	Marionette	INFO	Listening on port 37655
1627739734899	Marionette	WARN	TLS certificate errors will be ignored for this session
1627739735081	Marionette	WARN	Ignoring event 'pageshow' because document has an invalid readyState of 'uninitialized'.
1627739746380	Marionette	INFO	Stopped listening on port 37655

###!!! [Parent][RunMessage] Error: Channel closing: too late to send/recv, messages will be lost

1627739823873	geckodriver	INFO	Listening on 127.0.0.1:48409
1627739824877	mozrunner::runner	INFO	Running command: "/usr/bin/firefox" "--marionette" "-foreground" "-no-remote" "-profile" "/tmp/rust_mozprofilerrvJbt"
1627739825479	Marionette	INFO	Marionette enabled
console.warn: SearchSettings: "get: No settings file exists, new profile?" (new NotFoundError("Could not open the file at /tmp/rust_mozprofilerrvJbt/search.json.mozlz4", (void 0)))
1627739827169	Marionette	INFO	Listening on port 35455
1627739827193	Marionette	WARN	TLS certificate errors will be ignored for this session
1627739827360	Marionette	WARN	Ignoring event 'pageshow' because document has an invalid readyState of 'uninitialized'.
1627739840554	Marionette	INFO	Stopped listening on port 35455

###!!! [Parent][RunMessage] Error: Channel closing: too late to send/recv, messages will be lost

1627740222560	geckodriver	INFO	Listening on 127.0.0.1:44195
1627740223564	mozrunner::runner	INFO	Running command: "/usr/bin/firefox" "--marionette" "-foreground" "-no-remote" "-profile" "/tmp/rust_mozprofileMB8082"
1627740224212	Marionette	INFO	Marionette enabled
console.warn: SearchSettings: "get: No settings file exists, new profile?" (new NotFoundError("Could not open the file at /tmp/rust_mozprofileMB8082/search.json.mozlz4", (void 0)))
1627740226313	Marionette	INFO	Listening on port 45643
1627740226381	Marionette	WARN	TLS certificate errors will be ignored for this session
1627740226557	Marionette	WARN	Ignoring event 'pageshow' because document has an invalid readyState of 'uninitialized'.
1627740228013	Marionette	INFO	Stopped listening on port 45643

###!!! [Parent][RunMessage] Error: Channel closing: too late to send/recv, messages will be lost

1627740238967	geckodriver	INFO	Listening on 127.0.0.1:52261
1627740239971	mozrunner::runner	INFO	Running command: "/usr/bin/firefox" "--marionette" "-foreground" "-no-remote" "-profile" "/tmp/rust_mozprofilehm83yp"
1627740240595	Marionette	INFO	Marionette enabled
console.warn: SearchSettings: "get: No settings file exists, new profile?" (new NotFoundError("Could not open the file at /tmp/rust_mozprofilehm83yp/search.json.mozlz4", (void 0)))
1627740242241	Marionette	INFO	Listening on port 42485
1627740242285	Marionette	WARN	TLS certificate errors will be ignored for this session
1627740253958	Marionette	INFO	Stopped listening on port 42485

###!!! [Parent][RunMessage] Error: Channel closing: too late to send/recv, messages will be lost

1627740262809	geckodriver	INFO	Listening on 127.0.0.1:34673
1627740263813	mozrunner::runner	INFO	Running command: "/usr/bin/firefox" "--marionette" "-foreground" "-no-remote" "-profile" "/tmp/rust_mozprofileyouXso"
1627740264454	Marionette	INFO	Marionette enabled
console.warn: SearchSettings: "get: No settings file exists, new profile?" (new NotFoundError("Could not open the file at /tmp/rust_mozprofileyouXso/search.json.mozlz4", (void 0)))
1627740266105	Marionette	INFO	Listening on port 33757
1627740266131	Marionette	WARN	TLS certificate errors will be ignored for this session
1627740278040	Marionette	INFO	Stopped listening on port 33757

###!!! [Parent][RunMessage] Error: Channel closing: too late to send/recv, messages will be lost

1627740556383	geckodriver	INFO	Listening on 127.0.0.1:58249
1627740557387	mozrunner::runner	INFO	Running command: "/usr/bin/firefox" "--marionette" "-foreground" "-no-remote" "-profile" "/tmp/rust_mozprofilebGAkeL"
1627740558160	Marionette	INFO	Marionette enabled
console.warn: SearchSettings: "get: No settings file exists, new profile?" (new NotFoundError("Could not open the file at /tmp/rust_mozprofilebGAkeL/search.json.mozlz4", (void 0)))
1627740560244	Marionette	INFO	Listening on port 33887
1627740560302	Marionette	WARN	TLS certificate errors will be ignored for this session
1627740563896	Marionette	INFO	Stopped listening on port 33887

###!!! [Parent][RunMessage] Error: Channel closing: too late to send/recv, messages will be lost

1627740675345	geckodriver	INFO	Listening on 127.0.0.1:53355
1627740676350	mozrunner::runner	INFO	Running command: "/usr/bin/firefox" "--marionette" "-foreground" "-no-remote" "-profile" "/tmp/rust_mozprofilePvsf1a"
1627740677151	Marionette	INFO	Marionette enabled
console.warn: SearchSettings: "get: No settings file exists, new profile?" (new NotFoundError("Could not open the file at /tmp/rust_mozprofilePvsf1a/search.json.mozlz4", (void 0)))
1627740679376	Marionette	INFO	Listening on port 33579
1627740679467	Marionette	WARN	TLS certificate errors will be ignored for this session
1627740694101	Marionette	INFO	Stopped listening on port 33579

###!!! [Parent][RunMessage] Error: Channel closing: too late to send/recv, messages will be lost

1627740694566	geckodriver	INFO	Listening on 127.0.0.1:47035
1627740695570	mozrunner::runner	INFO	Running command: "/usr/bin/firefox" "--marionette" "-foreground" "-no-remote" "-profile" "/tmp/rust_mozprofiletfADFn"
1627740696364	Marionette	INFO	Marionette enabled
console.warn: SearchSettings: "get: No settings file exists, new profile?" (new NotFoundError("Could not open the file at /tmp/rust_mozprofiletfADFn/search.json.mozlz4", (void 0)))
1627740698626	Marionette	INFO	Listening on port 45823
1627740698690	Marionette	WARN	TLS certificate errors will be ignored for this session
1627740710179	Marionette	INFO	Stopped listening on port 45823

###!!! [Parent][RunMessage] Error: Channel closing: too late to send/recv, messages will be lost

1627740710605	geckodriver	INFO	Listening on 127.0.0.1:47131
1627740711608	mozrunner::runner	INFO	Running command: "/usr/bin/firefox" "--marionette" "-foreground" "-no-remote" "-profile" "/tmp/rust_mozprofileSnXcrh"
1627740712435	Marionette	INFO	Marionette enabled
console.warn: SearchSettings: "get: No settings file exists, new profile?" (new NotFoundError("Could not open the file at /tmp/rust_mozprofileSnXcrh/search.json.mozlz4", (void 0)))
1627740714438	Marionette	INFO	Listening on port 46027
1627740714523	Marionette	WARN	TLS certificate errors will be ignored for this session
1627740740284	Marionette	INFO	Stopped listening on port 46027
1627740740772	geckodriver	INFO	Listening on 127.0.0.1:33953
1627740741776	mozrunner::runner	INFO	Running command: "/usr/bin/firefox" "--marionette" "-foreground" "-no-remote" "-profile" "/tmp/rust_mozprofile27HcwC"
1627740742587	Marionette	INFO	Marionette enabled
console.warn: SearchSettings: "get: No settings file exists, new profile?" (new NotFoundError("Could not open the file at /tmp/rust_mozprofile27HcwC/search.json.mozlz4", (void 0)))
1627740744535	Marionette	INFO	Listening on port 43435
1627740744600	Marionette	WARN	TLS certificate errors will be ignored for this session
1627740756089	Marionette	INFO	Stopped listening on port 43435

###!!! [Parent][RunMessage] Error: Channel closing: too late to send/recv, messages will be lost

1627740756529	geckodriver	INFO	Listening on 127.0.0.1:50489
1627740757533	mozrunner::runner	INFO	Running command: "/usr/bin/firefox" "--marionette" "-foreground" "-no-remote" "-profile" "/tmp/rust_mozprofileu74qu9"
1627740758376	Marionette	INFO	Marionette enabled
console.warn: SearchSettings: "get: No settings file exists, new profile?" (new NotFoundError("Could not open the file at /tmp/rust_mozprofileu74qu9/search.json.mozlz4", (void 0)))
1627740760454	Marionette	INFO	Listening on port 33653
1627740760548	Marionette	WARN	TLS certificate errors will be ignored for this session
1627740773146	Marionette	INFO	Stopped listening on port 33653

###!!! [Parent][RunMessage] Error: Channel closing: too late to send/recv, messages will be lost

1627740773571	geckodriver	INFO	Listening on 127.0.0.1:33031
1627740774576	mozrunner::runner	INFO	Running command: "/usr/bin/firefox" "--marionette" "-foreground" "-no-remote" "-profile" "/tmp/rust_mozprofile874dsM"
1627740775382	Marionette	INFO	Marionette enabled
console.warn: SearchSettings: "get: No settings file exists, new profile?" (new NotFoundError("Could not open the file at /tmp/rust_mozprofile874dsM/search.json.mozlz4", (void 0)))
1627740777415	Marionette	INFO	Listening on port 39241
1627740777494	Marionette	WARN	TLS certificate errors will be ignored for this session
1627740793934	Marionette	INFO	Stopped listening on port 39241

###!!! [Parent][RunMessage] Error: Channel closing: too late to send/recv, messages will be lost

1627740794356	geckodriver	INFO	Listening on 127.0.0.1:56647
1627740795359	mozrunner::runner	INFO	Running command: "/usr/bin/firefox" "--marionette" "-foreground" "-no-remote" "-profile" "/tmp/rust_mozprofileVeLLUF"
1627740796173	Marionette	INFO	Marionette enabled
console.warn: SearchSettings: "get: No settings file exists, new profile?" (new NotFoundError("Could not open the file at /tmp/rust_mozprofileVeLLUF/search.json.mozlz4", (void 0)))
1627740798240	Marionette	INFO	Listening on port 44929
1627740798286	Marionette	WARN	TLS certificate errors will be ignored for this session
1627740839862	Marionette	INFO	Stopped listening on port 44929

###!!! [Parent][RunMessage] Error: Channel closing: too late to send/recv, messages will be lost

1627740840305	geckodriver	INFO	Listening on 127.0.0.1:53809
1627740841309	mozrunner::runner	INFO	Running command: "/usr/bin/firefox" "--marionette" "-foreground" "-no-remote" "-profile" "/tmp/rust_mozprofileThYNzd"
1627740842129	Marionette	INFO	Marionette enabled
console.warn: SearchSettings: "get: No settings file exists, new profile?" (new NotFoundError("Could not open the file at /tmp/rust_mozprofileThYNzd/search.json.mozlz4", (void 0)))
1627740844187	Marionette	INFO	Listening on port 33133
1627740844232	Marionette	WARN	TLS certificate errors will be ignored for this session
1627740855967	Marionette	INFO	Stopped listening on port 33133

###!!! [Parent][RunMessage] Error: Channel closing: too late to send/recv, messages will be lost

1627740856423	geckodriver	INFO	Listening on 127.0.0.1:36871
1627740857426	mozrunner::runner	INFO	Running command: "/usr/bin/firefox" "--marionette" "-foreground" "-no-remote" "-profile" "/tmp/rust_mozprofile0rDmpT"
1627740858239	Marionette	INFO	Marionette enabled
console.warn: SearchSettings: "get: No settings file exists, new profile?" (new NotFoundError("Could not open the file at /tmp/rust_mozprofile0rDmpT/search.json.mozlz4", (void 0)))
1627740860427	Marionette	INFO	Listening on port 45363
1627740860449	Marionette	WARN	TLS certificate errors will be ignored for this session
1627740872072	Marionette	INFO	Stopped listening on port 45363

###!!! [Parent][RunMessage] Error: Channel closing: too late to send/recv, messages will be lost

1627740872477	geckodriver	INFO	Listening on 127.0.0.1:34087
1627740873480	mozrunner::runner	INFO	Running command: "/usr/bin/firefox" "--marionette" "-foreground" "-no-remote" "-profile" "/tmp/rust_mozprofile6THTcu"
1627740874273	Marionette	INFO	Marionette enabled
console.warn: SearchSettings: "get: No settings file exists, new profile?" (new NotFoundError("Could not open the file at /tmp/rust_mozprofile6THTcu/search.json.mozlz4", (void 0)))
1627740876387	Marionette	INFO	Listening on port 41305
1627740876497	Marionette	WARN	TLS certificate errors will be ignored for this session
1627740888122	Marionette	INFO	Stopped listening on port 41305
1627740888523	geckodriver	INFO	Listening on 127.0.0.1:55561
1627740889527	mozrunner::runner	INFO	Running command: "/usr/bin/firefox" "--marionette" "-foreground" "-no-remote" "-profile" "/tmp/rust_mozprofile2xCySO"
1627740890316	Marionette	INFO	Marionette enabled
console.warn: SearchSettings: "get: No settings file exists, new profile?" (new NotFoundError("Could not open the file at /tmp/rust_mozprofile2xCySO/search.json.mozlz4", (void 0)))
1627740892307	Marionette	INFO	Listening on port 38455
1627740892346	Marionette	WARN	TLS certificate errors will be ignored for this session
1627740903872	Marionette	INFO	Stopped listening on port 38455

###!!! [Parent][RunMessage] Error: Channel closing: too late to send/recv, messages will be lost

1627744577452	geckodriver	INFO	Listening on 127.0.0.1:47185
1627744578456	mozrunner::runner	INFO	Running command: "/usr/bin/firefox" "--marionette" "-foreground" "-no-remote" "-profile" "/tmp/rust_mozprofileRb7q6M"
1627744579306	Marionette	INFO	Marionette enabled
console.warn: SearchSettings: "get: No settings file exists, new profile?" (new NotFoundError("Could not open the file at /tmp/rust_mozprofileRb7q6M/search.json.mozlz4", (void 0)))
1627744581180	Marionette	INFO	Listening on port 46395
1627744581271	Marionette	WARN	TLS certificate errors will be ignored for this session
1627744598437	Marionette	INFO	Stopped listening on port 46395
1627744598900	geckodriver	INFO	Listening on 127.0.0.1:35627
1627744599903	mozrunner::runner	INFO	Running command: "/usr/bin/firefox" "--marionette" "-foreground" "-no-remote" "-profile" "/tmp/rust_mozprofileZXNUgs"
1627744600739	Marionette	INFO	Marionette enabled
console.warn: SearchSettings: "get: No settings file exists, new profile?" (new NotFoundError("Could not open the file at /tmp/rust_mozprofileZXNUgs/search.json.mozlz4", (void 0)))
1627744602683	Marionette	INFO	Listening on port 34945
1627744602720	Marionette	WARN	TLS certificate errors will be ignored for this session
1627744615502	Marionette	INFO	Stopped listening on port 34945

###!!! [Parent][RunMessage] Error: Channel closing: too late to send/recv, messages will be lost

1627744615918	geckodriver	INFO	Listening on 127.0.0.1:49477
1627744616922	mozrunner::runner	INFO	Running command: "/usr/bin/firefox" "--marionette" "-foreground" "-no-remote" "-profile" "/tmp/rust_mozprofilew9AXmt"
1627744617730	Marionette	INFO	Marionette enabled
console.warn: SearchSettings: "get: No settings file exists, new profile?" (new NotFoundError("Could not open the file at /tmp/rust_mozprofilew9AXmt/search.json.mozlz4", (void 0)))
1627744619799	Marionette	INFO	Listening on port 42925
1627744619843	Marionette	WARN	TLS certificate errors will be ignored for this session
1627744632514	Marionette	INFO	Stopped listening on port 42925

###!!! [Parent][RunMessage] Error: Channel closing: too late to send/recv, messages will be lost

1627744632886	geckodriver	INFO	Listening on 127.0.0.1:57269
1627744633890	mozrunner::runner	INFO	Running command: "/usr/bin/firefox" "--marionette" "-foreground" "-no-remote" "-profile" "/tmp/rust_mozprofileGml7zX"
1627744634721	Marionette	INFO	Marionette enabled
console.warn: SearchSettings: "get: No settings file exists, new profile?" (new NotFoundError("Could not open the file at /tmp/rust_mozprofileGml7zX/search.json.mozlz4", (void 0)))
1627744636652	Marionette	INFO	Listening on port 39187
1627744636705	Marionette	WARN	TLS certificate errors will be ignored for this session
1627744649797	Marionette	INFO	Stopped listening on port 39187

###!!! [Parent][RunMessage] Error: Channel closing: too late to send/recv, messages will be lost

1627744650265	geckodriver	INFO	Listening on 127.0.0.1:52069
1627744651267	mozrunner::runner	INFO	Running command: "/usr/bin/firefox" "--marionette" "-foreground" "-no-remote" "-profile" "/tmp/rust_mozprofileUKToe3"
1627744652115	Marionette	INFO	Marionette enabled
console.warn: SearchSettings: "get: No settings file exists, new profile?" (new NotFoundError("Could not open the file at /tmp/rust_mozprofileUKToe3/search.json.mozlz4", (void 0)))
1627744654043	Marionette	INFO	Listening on port 36943
1627744654085	Marionette	WARN	TLS certificate errors will be ignored for this session
1627744666764	Marionette	INFO	Stopped listening on port 36943

###!!! [Parent][RunMessage] Error: Channel closing: too late to send/recv, messages will be lost

1627744667177	geckodriver	INFO	Listening on 127.0.0.1:52897
1627744668181	mozrunner::runner	INFO	Running command: "/usr/bin/firefox" "--marionette" "-foreground" "-no-remote" "-profile" "/tmp/rust_mozprofileG1IvY9"
1627744668943	Marionette	INFO	Marionette enabled
console.warn: SearchSettings: "get: No settings file exists, new profile?" (new NotFoundError("Could not open the file at /tmp/rust_mozprofileG1IvY9/search.json.mozlz4", (void 0)))
1627744670963	Marionette	INFO	Listening on port 35333
1627744670996	Marionette	WARN	TLS certificate errors will be ignored for this session
1627744683640	Marionette	INFO	Stopped listening on port 35333

###!!! [Parent][RunMessage] Error: Channel closing: too late to send/recv, messages will be lost

1627744684053	geckodriver	INFO	Listening on 127.0.0.1:49935
1627744685057	mozrunner::runner	INFO	Running command: "/usr/bin/firefox" "--marionette" "-foreground" "-no-remote" "-profile" "/tmp/rust_mozprofileTduLKv"
1627744685855	Marionette	INFO	Marionette enabled
console.warn: SearchSettings: "get: No settings file exists, new profile?" (new NotFoundError("Could not open the file at /tmp/rust_mozprofileTduLKv/search.json.mozlz4", (void 0)))
1627744687826	Marionette	INFO	Listening on port 38865
1627744687870	Marionette	WARN	TLS certificate errors will be ignored for this session
1627744700554	Marionette	INFO	Stopped listening on port 38865

###!!! [Parent][RunMessage] Error: Channel closing: too late to send/recv, messages will be lost

1627744700975	geckodriver	INFO	Listening on 127.0.0.1:42687
1627744701979	mozrunner::runner	INFO	Running command: "/usr/bin/firefox" "--marionette" "-foreground" "-no-remote" "-profile" "/tmp/rust_mozprofileyDTEJf"
1627744702750	Marionette	INFO	Marionette enabled
console.warn: SearchSettings: "get: No settings file exists, new profile?" (new NotFoundError("Could not open the file at /tmp/rust_mozprofileyDTEJf/search.json.mozlz4", (void 0)))
1627744704867	Marionette	INFO	Listening on port 41529
1627744704912	Marionette	WARN	TLS certificate errors will be ignored for this session
1627744717778	Marionette	INFO	Stopped listening on port 41529

###!!! [Parent][RunMessage] Error: Channel closing: too late to send/recv, messages will be lost

1627744718241	geckodriver	INFO	Listening on 127.0.0.1:53569
1627744719243	mozrunner::runner	INFO	Running command: "/usr/bin/firefox" "--marionette" "-foreground" "-no-remote" "-profile" "/tmp/rust_mozprofileJFBnJw"
1627744720048	Marionette	INFO	Marionette enabled
console.warn: SearchSettings: "get: No settings file exists, new profile?" (new NotFoundError("Could not open the file at /tmp/rust_mozprofileJFBnJw/search.json.mozlz4", (void 0)))
1627744721945	Marionette	INFO	Listening on port 45165
1627744721965	Marionette	WARN	TLS certificate errors will be ignored for this session
1627744734528	Marionette	INFO	Stopped listening on port 45165
1627744734931	geckodriver	INFO	Listening on 127.0.0.1:50239
1627744735935	mozrunner::runner	INFO	Running command: "/usr/bin/firefox" "--marionette" "-foreground" "-no-remote" "-profile" "/tmp/rust_mozprofile5vZLcw"
1627744736791	Marionette	INFO	Marionette enabled
console.warn: SearchSettings: "get: No settings file exists, new profile?" (new NotFoundError("Could not open the file at /tmp/rust_mozprofile5vZLcw/search.json.mozlz4", (void 0)))
1627744738825	Marionette	INFO	Listening on port 33003
1627744738851	Marionette	WARN	TLS certificate errors will be ignored for this session
1627744751703	Marionette	INFO	Stopped listening on port 33003

###!!! [Parent][RunMessage] Error: Channel closing: too late to send/recv, messages will be lost

1627744752090	geckodriver	INFO	Listening on 127.0.0.1:35571
1627744753093	mozrunner::runner	INFO	Running command: "/usr/bin/firefox" "--marionette" "-foreground" "-no-remote" "-profile" "/tmp/rust_mozprofilezRZdWI"
1627744753897	Marionette	INFO	Marionette enabled
console.warn: SearchSettings: "get: No settings file exists, new profile?" (new NotFoundError("Could not open the file at /tmp/rust_mozprofilezRZdWI/search.json.mozlz4", (void 0)))
1627744756046	Marionette	INFO	Listening on port 36609
1627744756109	Marionette	WARN	TLS certificate errors will be ignored for this session
1627744768957	Marionette	INFO	Stopped listening on port 36609

###!!! [Parent][RunMessage] Error: Channel closing: too late to send/recv, messages will be lost

